<?xml version="1.0" encoding="UTF-8"?>
<testsuite xmlns:xsi="http://www.w3.org/2001/XMLSchema-instance" xsi:noNamespaceSchemaLocation="https://maven.apache.org/surefire/maven-surefire-plugin/xsd/surefire-test-report-3.0.xsd" version="3.0" name="in.ineuron.test.TestBankLoanService" time="10.225" tests="5" errors="0" skipped="2" failures="0">
  <properties>
[...]
</properties>
  <testcase name="testCalSimpleInterestAmountWithBigNumbers_2" classname="in.ineuron.test.TestBankLoanService" time="5.081">
    <system-out><![CDATA[
***************TestBankLoanService.setup()******************


BankLoanService:Zero args Constructor

TestBankLoanService.testCalSimpleInterestAmountWithBigNumbers_2()
BankLoanService.calculateSimpleIntereset()
]]></system-out>
  </testcase>
  <testcase name="testCalSimpleInterestAmountWithInvalidNumbers_1" classname="in.ineuron.test.TestBankLoanService" time="0.01">
    <system-out><![CDATA[TestBankLoanService.testCalSimpleInterestAmountWithInvalidNumbers_1()
BankLoanService.calculateSimpleIntereset()
]]></system-out>
  </testcase>
  <testcase name="testCalSimpleInterestAmountWithSmallNumbers(TestInfo)" classname="in.ineuron.test.TestBankLoanService" time="5.02">
    <system-out><![CDATA[TestBankLoanService.testCalSimpleInterestAmountWithSmallNumbers()
CLASS NAME:class org.junit.jupiter.engine.extension.TestInfoParameterResolver$DefaultTestInfo
DISPLAY NAME:test with small numbers
TAG:[dev]
METHOD NAME:Optional[public void in.ineuron.test.TestBankLoanService.testCalSimpleInterestAmountWithSmallNumbers(org.junit.jupiter.api.TestInfo)]
TEST METHOD NAME:Optional[class in.ineuron.test.TestBankLoanService]
BankLoanService.calculateSimpleIntereset()
]]></system-out>
  </testcase>
  <testcase name="testCalSimpleInterestAmountWithBigNumbers_1" classname="in.ineuron.test.TestBankLoanService" time="0">
    <skipped message="public void in.ineuron.test.TestBankLoanService.testCalSimpleInterestAmountWithBigNumbers_1() is @Disabled"/>
  </testcase>
  <testcase name="testCalSimpleInterestAmountWithInvalidNumbers_2" classname="in.ineuron.test.TestBankLoanService" time="0">
    <skipped message="public void in.ineuron.test.TestBankLoanService.testCalSimpleInterestAmountWithInvalidNumbers_2() is @Disabled"/>
  </testcase>
</testsuite>